C51 COMPILER V9.60.7.0   DELAY                                                             01/22/2025 18:12:44 PAGE 1   


C51 COMPILER V9.60.7.0, COMPILATION OF MODULE DELAY
OBJECT MODULE PLACED IN .\Objects\Delay.obj
COMPILER INVOKED BY: F:\Keil C51\C51\BIN\C51.EXE Delay.c LARGE OPTIMIZE(8,SPEED) BROWSE DEBUG OBJECTEXTEND PRINT(.\Listi
                    -ngs\Delay.lst) OBJECT(.\Objects\Delay.obj)

line level    source

   1          #include <INTRINS.H>
   2          void Delay(unsigned int xms)            //@11.0592MHz
   3                  {
   4   1                      unsigned char i, j;
   5   1                      while(xms--){
   6   2                      _nop_();
   7   2                      i = 2;
   8   2                      j = 199;
   9   2                      do
  10   2                      {
  11   3                              while (--j);
  12   3                      } while (--i);
  13   2                      }
  14   1              }


MODULE INFORMATION:   STATIC OVERLAYABLE
   CODE SIZE        =     22    ----
   CONSTANT SIZE    =   ----    ----
   XDATA SIZE       =   ----    ----
   PDATA SIZE       =   ----    ----
   DATA SIZE        =   ----    ----
   IDATA SIZE       =   ----    ----
   BIT SIZE         =   ----    ----
END OF MODULE INFORMATION.


C51 COMPILATION COMPLETE.  0 WARNING(S),  0 ERROR(S)
