C51 COMPILER V9.60.7.0   UART                                                              01/23/2025 10:26:07 PAGE 1   


C51 COMPILER V9.60.7.0, COMPILATION OF MODULE UART
OBJECT MODULE PLACED IN .\Objects\UART.obj
COMPILER INVOKED BY: F:\Keil C51\C51\BIN\C51.EXE UART.c LARGE OPTIMIZE(8,SPEED) BROWSE DEBUG OBJECTEXTEND PRINT(.\Listin
                    -gs\UART.lst) OBJECT(.\Objects\UART.obj)

line level    source

   1          #include <STC89C5xRC.H>
   2          
   3          void UART_Init()                //57600bps@11.0592MHz
   4          {
   5   1              PCON |= 0x80;           //使能波特率倍速位SMOD
   6   1              SCON = 0x50;            //8位数据,可变波特率
   7   1              AUXR &= 0xBF;           //定时器时钟12T模式
   8   1              AUXR &= 0xFE;           //串口1选择定时器1为波特率发生器
   9   1              TMOD &= 0x0F;           //设置定时器模式
  10   1              TMOD |= 0x20;           //设置定时器模式
  11   1              TL1 = 0xFF;                     //设置定时初始值
  12   1              TH1 = 0xFF;                     //设置定时重载值
  13   1              ET1 = 0;                        //禁止定时器中断
  14   1              TR1 = 1;                        //定时器1开始计时
  15   1              EA = 1;
  16   1              ES = 1;
  17   1      }
  18          void UART_Send_Byte(unsigned char Byte){
  19   1              SBUF = Byte;
  20   1              while(TI == 0);
  21   1              TI = 0;
  22   1      }
  23          /*
  24          void UART_Routine()     interrupt 4
  25          {
  26          
  27          
  28          
  29          }
  30          */


MODULE INFORMATION:   STATIC OVERLAYABLE
   CODE SIZE        =     41    ----
   CONSTANT SIZE    =   ----    ----
   XDATA SIZE       =   ----    ----
   PDATA SIZE       =   ----    ----
   DATA SIZE        =   ----    ----
   IDATA SIZE       =   ----    ----
   BIT SIZE         =   ----    ----
END OF MODULE INFORMATION.


C51 COMPILATION COMPLETE.  0 WARNING(S),  0 ERROR(S)
